..\..\..\java\lib\native\win32\CefWrapper.ilk
..\..\..\java\lib\native\win32\CefWrapper.pdb
K:\JAVACHROMIUMEMBEDDED\JAVA\LIB\NATIVE\WIN32\CEFWRAPPER.DLL
K:\javachromiumembedded\java\lib\native\win32\CefWrapper.exp
K:\JAVACHROMIUMEMBEDDED\JAVA\LIB\NATIVE\WIN32\CEFWRAPPER.ILK
K:\javachromiumembedded\java\lib\native\win32\CefWrapper.lib
K:\JAVACHROMIUMEMBEDDED\JAVA\LIB\NATIVE\WIN32\CEFWRAPPER.PDB
K:\javachromiumembedded\native\ide\vc2008\..\..\..\java\lib\native\win32\CefWrapper.dll
K:\JAVACHROMIUMEMBEDDED\NATIVE\IDE\VC2008\CEFW\CEFBROWSER_N.OBJ
K:\JAVACHROMIUMEMBEDDED\NATIVE\IDE\VC2008\CEFW\CEFCONTEXT.OBJ
K:\JAVACHROMIUMEMBEDDED\NATIVE\IDE\VC2008\CEFW\CEFFRAME_N.OBJ
K:\JAVACHROMIUMEMBEDDED\NATIVE\IDE\VC2008\CEFW\CEFV8VALUE_N.OBJ
K:\JAVACHROMIUMEMBEDDED\NATIVE\IDE\VC2008\CEFW\CEFWRAPPER.DLL.EMBED.MANIFEST
K:\JAVACHROMIUMEMBEDDED\NATIVE\IDE\VC2008\CEFW\CEFWRAPPER.DLL.EMBED.MANIFEST.RES
K:\JAVACHROMIUMEMBEDDED\NATIVE\IDE\VC2008\CEFW\CEFWRAPPER.DLL.INTERMEDIATE.MANIFEST
K:\javachromiumembedded\native\ide\vc2008\CEFW\CefWrapper.write.1.tlog
K:\javachromiumembedded\native\ide\vc2008\CEFW\CefWrapper_manifest.rc
K:\javachromiumembedded\native\ide\vc2008\CEFW\cl.command.1.tlog
K:\javachromiumembedded\native\ide\vc2008\CEFW\CL.read.1.tlog
K:\javachromiumembedded\native\ide\vc2008\CEFW\CL.write.1.tlog
K:\JAVACHROMIUMEMBEDDED\NATIVE\IDE\VC2008\CEFW\CLIENT_APP.OBJ
K:\JAVACHROMIUMEMBEDDED\NATIVE\IDE\VC2008\CEFW\CLIENT_APP_DELEGATES.OBJ
K:\JAVACHROMIUMEMBEDDED\NATIVE\IDE\VC2008\CEFW\CLIENT_HANDLER.OBJ
K:\JAVACHROMIUMEMBEDDED\NATIVE\IDE\VC2008\CEFW\CLIENT_RENDERER.OBJ
K:\javachromiumembedded\native\ide\vc2008\CEFW\link.1012.read.1.tlog
K:\javachromiumembedded\native\ide\vc2008\CEFW\link.1012.write.1.tlog
K:\javachromiumembedded\native\ide\vc2008\CEFW\link.1012-cvtres.read.1.tlog
K:\javachromiumembedded\native\ide\vc2008\CEFW\link.1012-cvtres.write.1.tlog
K:\javachromiumembedded\native\ide\vc2008\CEFW\link.1280.read.1.tlog
K:\javachromiumembedded\native\ide\vc2008\CEFW\link.1280.write.1.tlog
K:\javachromiumembedded\native\ide\vc2008\CEFW\link.1280-cvtres.read.1.tlog
K:\javachromiumembedded\native\ide\vc2008\CEFW\link.1280-cvtres.write.1.tlog
K:\javachromiumembedded\native\ide\vc2008\CEFW\link.3636.read.1.tlog
K:\javachromiumembedded\native\ide\vc2008\CEFW\link.3636.write.1.tlog
K:\javachromiumembedded\native\ide\vc2008\CEFW\link.3636-cvtres.read.1.tlog
K:\javachromiumembedded\native\ide\vc2008\CEFW\link.3636-cvtres.write.1.tlog
K:\javachromiumembedded\native\ide\vc2008\CEFW\link.4168.read.1.tlog
K:\javachromiumembedded\native\ide\vc2008\CEFW\link.4168.write.1.tlog
K:\javachromiumembedded\native\ide\vc2008\CEFW\link.4168-cvtres.read.1.tlog
K:\javachromiumembedded\native\ide\vc2008\CEFW\link.4168-cvtres.write.1.tlog
K:\javachromiumembedded\native\ide\vc2008\CEFW\link.4896.read.1.tlog
K:\javachromiumembedded\native\ide\vc2008\CEFW\link.4896.write.1.tlog
K:\javachromiumembedded\native\ide\vc2008\CEFW\link.4896-cvtres.read.1.tlog
K:\javachromiumembedded\native\ide\vc2008\CEFW\link.4896-cvtres.write.1.tlog
K:\javachromiumembedded\native\ide\vc2008\CEFW\link.5944.read.1.tlog
K:\javachromiumembedded\native\ide\vc2008\CEFW\link.5944.write.1.tlog
K:\javachromiumembedded\native\ide\vc2008\CEFW\link.5944-cvtres.read.1.tlog
K:\javachromiumembedded\native\ide\vc2008\CEFW\link.5944-cvtres.write.1.tlog
K:\javachromiumembedded\native\ide\vc2008\CEFW\link.6548.read.1.tlog
K:\javachromiumembedded\native\ide\vc2008\CEFW\link.6548.write.1.tlog
K:\javachromiumembedded\native\ide\vc2008\CEFW\link.6548-cvtres.read.1.tlog
K:\javachromiumembedded\native\ide\vc2008\CEFW\link.6548-cvtres.write.1.tlog
K:\javachromiumembedded\native\ide\vc2008\CEFW\link.7108.read.1.tlog
K:\javachromiumembedded\native\ide\vc2008\CEFW\link.7108.write.1.tlog
K:\javachromiumembedded\native\ide\vc2008\CEFW\link.7108-cvtres.read.1.tlog
K:\javachromiumembedded\native\ide\vc2008\CEFW\link.7108-cvtres.write.1.tlog
K:\javachromiumembedded\native\ide\vc2008\CEFW\link.7160.read.1.tlog
K:\javachromiumembedded\native\ide\vc2008\CEFW\link.7160.write.1.tlog
K:\javachromiumembedded\native\ide\vc2008\CEFW\link.7160-cvtres.read.1.tlog
K:\javachromiumembedded\native\ide\vc2008\CEFW\link.7160-cvtres.write.1.tlog
K:\javachromiumembedded\native\ide\vc2008\CEFW\link.7988.read.1.tlog
K:\javachromiumembedded\native\ide\vc2008\CEFW\link.7988.write.1.tlog
K:\javachromiumembedded\native\ide\vc2008\CEFW\link.7988-cvtres.read.1.tlog
K:\javachromiumembedded\native\ide\vc2008\CEFW\link.7988-cvtres.write.1.tlog
K:\javachromiumembedded\native\ide\vc2008\CEFW\link.8212.read.1.tlog
K:\javachromiumembedded\native\ide\vc2008\CEFW\link.8212.write.1.tlog
K:\javachromiumembedded\native\ide\vc2008\CEFW\link.8212-cvtres.read.1.tlog
K:\javachromiumembedded\native\ide\vc2008\CEFW\link.8212-cvtres.write.1.tlog
K:\javachromiumembedded\native\ide\vc2008\CEFW\link.8856.read.1.tlog
K:\javachromiumembedded\native\ide\vc2008\CEFW\link.8856.write.1.tlog
K:\javachromiumembedded\native\ide\vc2008\CEFW\link.8856-cvtres.read.1.tlog
K:\javachromiumembedded\native\ide\vc2008\CEFW\link.8856-cvtres.write.1.tlog
K:\javachromiumembedded\native\ide\vc2008\CEFW\link.9836.read.1.tlog
K:\javachromiumembedded\native\ide\vc2008\CEFW\link.9836.write.1.tlog
K:\javachromiumembedded\native\ide\vc2008\CEFW\link.9836-cvtres.read.1.tlog
K:\javachromiumembedded\native\ide\vc2008\CEFW\link.9836-cvtres.write.1.tlog
K:\javachromiumembedded\native\ide\vc2008\CEFW\link.command.1.tlog
K:\javachromiumembedded\native\ide\vc2008\CEFW\link.read.1.tlog
K:\javachromiumembedded\native\ide\vc2008\CEFW\link.write.1.tlog
K:\javachromiumembedded\native\ide\vc2008\CEFW\link-cvtres.read.1.tlog
K:\javachromiumembedded\native\ide\vc2008\CEFW\link-cvtres.write.1.tlog
K:\javachromiumembedded\native\ide\vc2008\CEFW\mt.command.1.tlog
K:\javachromiumembedded\native\ide\vc2008\CEFW\mt.read.1.tlog
K:\javachromiumembedded\native\ide\vc2008\CEFW\mt.write.1.tlog
K:\javachromiumembedded\native\ide\vc2008\CEFW\rc.command.1.tlog
K:\javachromiumembedded\native\ide\vc2008\CEFW\rc.read.1.tlog
K:\javachromiumembedded\native\ide\vc2008\CEFW\rc.write.1.tlog
K:\JAVACHROMIUMEMBEDDED\NATIVE\IDE\VC2008\CEFW\SYSTEMUTILITIES.OBJ
K:\JAVACHROMIUMEMBEDDED\NATIVE\IDE\VC2008\CEFW\SYSTEMUTILITIES_WIN.OBJ
K:\javachromiumembedded\native\ide\vc2008\CEFW\vc100.idb
K:\JAVACHROMIUMEMBEDDED\NATIVE\IDE\VC2008\CEFW\VC100.PDB
