La génération a démarré 19/06/2013 16:53:27.
     1>Projet "K:\ecf3_o\native\ide\vc2008\CefWrapper.vcxproj" sur le nœud 2 (build cible(s)).
     1>InitializeBuildStatus:
         Création de "Debug\CefWrapper.unsuccessfulbuild", car "AlwaysCreate" a été spécifié.
       ClCompile:
         C:\Program Files (x86)\Microsoft Visual Studio 10.0\VC\bin\CL.exe /c /I../../cef_binary_2013/include /I../../cef_binary_2013/ /I../../cef_binary_2013/cefclient/ /I"C:/Program Files (x86)/Java/jdk1.6.0_31/include" /I"C:/Program Files (x86)/Java/jdk1.6.0_31/include/win32" /ZI /nologo /W4 /WX /Od /Oy- /D _DEBUG /D _WIN32_WINNT=0x0602 /D WINVER=0x0602 /D WIN32 /D _WINDOWS /D NOMINMAX /D PSAPI_VERSION=1 /D _CRT_RAND_S /D CERT_CHAIN_PARA_HAS_EXTRA_FIELDS /D WIN32_LEAN_AND_MEAN /D _ATL_NO_OPENGL /D _HAS_EXCEPTIONS=0 /D _SECURE_ATL /D CHROMIUM_BUILD /D TOOLKIT_VIEWS=1 /D USE_LIBJPEG_TURBO=1 /D ENABLE_ONE_CLICK_SIGNIN /D ENABLE_REMOTING=1 /D ENABLE_WEBRTC=1 /D ENABLE_PEPPER_THREADING /D ENABLE_CONFIGURATION_POLICY /D ENABLE_INPUT_SPEECH /D ENABLE_NOTIFICATIONS /D ENABLE_GPU=1 /D ENABLE_EGLIMAGE=1 /D USE_SKIA=1 /D __STD_C /D _CRT_SECURE_NO_DEPRECATE /D _SCL_SECURE_NO_DEPRECATE /D NTDDI_VERSION=0x06020000 /D ENABLE_TASK_MANAGER=1 /D ENABLE_WEB_INTENTS=1 /D ENABLE_EXTENSIONS=1 /D ENABLE_PLUGIN_INSTALLATION=1 /D ENABLE_PLUGINS=1 /D ENABLE_SESSION_SERVICE=1 /D ENABLE_THEMES=1 /D ENABLE_BACKGROUND=1 /D ENABLE_AUTOMATION=1 /D ENABLE_GOOGLE_NOW=1 /D ENABLE_LANGUAGE_DETECTION=1 /D ENABLE_PRINTING=1 /D ENABLE_CAPTIVE_PORTAL_DETECTION=1 /D ENABLE_APP_LIST=1 /D ENABLE_SETTINGS_APP=1 /D USING_CEF_SHARED /D __STDC_CONSTANT_MACROS /D __STDC_FORMAT_MACROS /D DYNAMIC_ANNOTATIONS_ENABLED=1 /D WTF_USE_DYNAMIC_ANNOTATIONS=1 /D _WINDLL /D _UNICODE /D UNICODE /Gm- /RTC1 /MTd /GS /Gy /fp:precise /Zc:wchar_t /Zc:forScope /GR- /Fo"Debug\\" /Fd"Debug\vc100.pdb" /Gd /TP /wd4351 /wd4396 /wd4503 /wd4819 /wd4100 /wd4121 /wd4125 /wd4127 /wd4130 /wd4131 /wd4189 /wd4201 /wd4238 /wd4244 /wd4245 /wd4310 /wd4355 /wd4428 /wd4481 /wd4505 /wd4510 /wd4512 /wd4530 /wd4610 /wd4611 /wd4701 /wd4702 /wd4706 /analyze- /errorReport:prompt ..\..\src\client_app.cpp /MP /we4389 
         client_app.cpp
       ResourceCompile:
         Toutes les sorties sont à jour.
       ManifestResourceCompile:
         Toutes les sorties sont à jour.
       Link:
         C:\Program Files (x86)\Microsoft Visual Studio 10.0\VC\bin\link.exe /ERRORREPORT:PROMPT /OUT:"..\..\..\java\lib\native\win32\CefWrapper.dll" /INCREMENTAL /NOLOGO /LIBPATH:K:/ecf3_o/native/cef_binary_2013/lib wininet.lib dnsapi.lib version.lib msimg32.lib ws2_32.lib usp10.lib psapi.lib dbghelp.lib winmm.lib shlwapi.lib comctl32.lib shlwapi.lib rpcrt4.lib opengl32.lib glu32.lib libcef.lib libcef_dll_wrapper.lib kernel32.lib user32.lib gdi32.lib winspool.lib comdlg32.lib advapi32.lib shell32.lib ole32.lib oleaut32.lib uuid.lib odbc32.lib odbccp32.lib /MANIFEST /ManifestFile:"Debug\CefWrapper.dll.intermediate.manifest" /MANIFESTUAC:"level='asInvoker' uiAccess='false'" /DEBUG /PDB:"K:\ecf3_o\java\lib\native\win32\CefWrapper.pdb" /SUBSYSTEM:WINDOWS /TLBID:1 /DYNAMICBASE /NXCOMPAT /IMPLIB:"..\..\..\java\lib\native\win32\CefWrapper.lib" /MACHINE:X86 /DLL Debug\cefclient.res
         Debug\CefWrapper.dll.embed.manifest.res
         Debug\binding_test.obj
         Debug\cefclient.obj
         Debug\cefclient_osr_widget_win.obj
         Debug\cefclient_win.obj
         Debug\client_app.obj
         Debug\client_app_delegates.obj
         Debug\client_handler.obj
         Debug\client_handler_win.obj
         Debug\client_renderer.obj
         Debug\client_switches.obj
         Debug\dialog_test.obj
         Debug\dom_test.obj
         Debug\osrenderer.obj
         Debug\performance_test.obj
         Debug\performance_test_tests.obj
         Debug\resource_util_win.obj
         Debug\scheme_test.obj
         Debug\string_util.obj
         Debug\window_test.obj
         Debug\window_test_win.obj
         Debug\CefBaseImpl.obj
         Debug\CefBrowser_N.obj
         Debug\CefContext.obj
         Debug\CefFrame_N.obj
         Debug\CefV8HandlerImpl.obj
         Debug\CefV8Value_N.obj
         Debug\client_app.obj
         Debug\client_handler.obj
         Debug\SystemUtilities.obj
         Debug\SystemUtilities_win.obj /safeseh /dynamicbase /ignore:4199 /ignore:4221 /nxcompat 
     1>binding_test.obj : warning LNK4075: ' /EDITANDCONTINUE' ignoré à cause de la spécification '/SAFESEH'
     1>Debug\client_app.obj : warning LNK4042: objet spécifié plus d'une fois ; définitions supplémentaires ignorées
     1>Debug\client_handler.obj : warning LNK4042: objet spécifié plus d'une fois ; définitions supplémentaires ignorées
            Création de la bibliothèque ..\..\..\java\lib\native\win32\CefWrapper.lib et de l'objet ..\..\..\java\lib\native\win32\CefWrapper.exp
       Manifest:
         C:\Program Files (x86)\Microsoft SDKs\Windows\v7.0A\bin\mt.exe /nologo /verbose /out:"Debug\CefWrapper.dll.embed.manifest" /manifest Debug\CefWrapper.dll.intermediate.manifest
         Toutes les sorties sont à jour.
       LinkEmbedManifest:
         Toutes les sorties sont à jour.
         CefWrapper.vcxproj -> K:\ecf3_o\native\ide\vc2008\..\..\..\java\lib\native\win32\CefWrapper.dll
       FinalizeBuildStatus:
         Suppression du fichier "Debug\CefWrapper.unsuccessfulbuild".
         Mise à jour de l'horodatage "Debug\CefWrapper.lastbuildstate".
     1>Génération du projet "K:\ecf3_o\native\ide\vc2008\CefWrapper.vcxproj" terminée (build cible(s)).

La génération a réussi.

Temps écoulé 00:00:05.36
