K:\ECF3_O\NATIVE\IDE\VC2008\DEBUG\BINDING_TEST.OBJ
K:\ECF3_O\NATIVE\IDE\VC2008\DEBUG\CEFBASEIMPL.OBJ
K:\ECF3_O\NATIVE\IDE\VC2008\DEBUG\CEFBROWSER_N.OBJ
K:\ECF3_O\NATIVE\IDE\VC2008\DEBUG\CEFCLIENT.OBJ
K:\ECF3_O\NATIVE\IDE\VC2008\DEBUG\CEFCLIENT_OSR_WIDGET_WIN.OBJ
K:\ECF3_O\NATIVE\IDE\VC2008\DEBUG\CEFCLIENT_WIN.OBJ
K:\ECF3_O\NATIVE\IDE\VC2008\DEBUG\CEFCONTEXT.OBJ
K:\ECF3_O\NATIVE\IDE\VC2008\DEBUG\CEFFRAME_N.OBJ
K:\ECF3_O\NATIVE\IDE\VC2008\DEBUG\CEFV8HANDLERIMPL.OBJ
K:\ECF3_O\NATIVE\IDE\VC2008\DEBUG\CEFV8VALUE_N.OBJ
K:\ecf3_o\native\ide\vc2008\Debug\CL.11168.read.1.tlog
K:\ecf3_o\native\ide\vc2008\Debug\CL.11168.write.1.tlog
K:\ecf3_o\native\ide\vc2008\Debug\CL.11388.read.1.tlog
K:\ecf3_o\native\ide\vc2008\Debug\CL.11388.write.1.tlog
K:\ecf3_o\native\ide\vc2008\Debug\CL.12156.read.1.tlog
K:\ecf3_o\native\ide\vc2008\Debug\CL.12156.write.1.tlog
K:\ecf3_o\native\ide\vc2008\Debug\CL.12800.read.1.tlog
K:\ecf3_o\native\ide\vc2008\Debug\CL.12800.write.1.tlog
K:\ecf3_o\native\ide\vc2008\Debug\CL.1300.read.1.tlog
K:\ecf3_o\native\ide\vc2008\Debug\CL.1300.write.1.tlog
K:\ecf3_o\native\ide\vc2008\Debug\CL.13976.read.1.tlog
K:\ecf3_o\native\ide\vc2008\Debug\CL.13976.write.1.tlog
K:\ecf3_o\native\ide\vc2008\Debug\CL.14020.read.1.tlog
K:\ecf3_o\native\ide\vc2008\Debug\CL.14020.write.1.tlog
K:\ecf3_o\native\ide\vc2008\Debug\CL.3656.read.1.tlog
K:\ecf3_o\native\ide\vc2008\Debug\CL.3656.write.1.tlog
K:\ecf3_o\native\ide\vc2008\Debug\CL.6124.read.1.tlog
K:\ecf3_o\native\ide\vc2008\Debug\CL.6124.write.1.tlog
K:\ecf3_o\native\ide\vc2008\Debug\CL.6716.read.1.tlog
K:\ecf3_o\native\ide\vc2008\Debug\CL.6716.write.1.tlog
K:\ecf3_o\native\ide\vc2008\Debug\CL.7400.read.1.tlog
K:\ecf3_o\native\ide\vc2008\Debug\CL.7400.write.1.tlog
K:\ecf3_o\native\ide\vc2008\Debug\CL.8256.read.1.tlog
K:\ecf3_o\native\ide\vc2008\Debug\CL.8256.write.1.tlog
K:\ecf3_o\native\ide\vc2008\Debug\CL.8704.read.1.tlog
K:\ecf3_o\native\ide\vc2008\Debug\CL.8704.write.1.tlog
K:\ecf3_o\native\ide\vc2008\Debug\CL.9028.read.1.tlog
K:\ecf3_o\native\ide\vc2008\Debug\CL.9028.write.1.tlog
K:\ecf3_o\native\ide\vc2008\Debug\CL.9544.read.1.tlog
K:\ecf3_o\native\ide\vc2008\Debug\CL.9544.write.1.tlog
K:\ecf3_o\native\ide\vc2008\Debug\CL.9676.read.1.tlog
K:\ecf3_o\native\ide\vc2008\Debug\CL.9676.write.1.tlog
K:\ecf3_o\native\ide\vc2008\Debug\cl.command.1.tlog
K:\ecf3_o\native\ide\vc2008\Debug\CL.read.1.tlog
K:\ecf3_o\native\ide\vc2008\Debug\cl.write.1.tlog
K:\ECF3_O\NATIVE\IDE\VC2008\DEBUG\CLIENT_APP.OBJ
K:\ECF3_O\NATIVE\IDE\VC2008\DEBUG\CLIENT_APP_DELEGATES.OBJ
K:\ECF3_O\NATIVE\IDE\VC2008\DEBUG\CLIENT_HANDLER.OBJ
K:\ECF3_O\NATIVE\IDE\VC2008\DEBUG\CLIENT_HANDLER_WIN.OBJ
K:\ECF3_O\NATIVE\IDE\VC2008\DEBUG\CLIENT_RENDERER.OBJ
K:\ECF3_O\NATIVE\IDE\VC2008\DEBUG\CLIENT_SWITCHES.OBJ
K:\ECF3_O\NATIVE\IDE\VC2008\DEBUG\DIALOG_TEST.OBJ
K:\ECF3_O\NATIVE\IDE\VC2008\DEBUG\DOM_TEST.OBJ
K:\ECF3_O\NATIVE\IDE\VC2008\DEBUG\OSRENDERER.OBJ
K:\ECF3_O\NATIVE\IDE\VC2008\DEBUG\PERFORMANCE_TEST.OBJ
K:\ECF3_O\NATIVE\IDE\VC2008\DEBUG\PERFORMANCE_TEST_TESTS.OBJ
K:\ECF3_O\NATIVE\IDE\VC2008\DEBUG\RESOURCE_UTIL_WIN.OBJ
K:\ECF3_O\NATIVE\IDE\VC2008\DEBUG\SCHEME_TEST.OBJ
K:\ECF3_O\NATIVE\IDE\VC2008\DEBUG\STRING_UTIL.OBJ
K:\ECF3_O\NATIVE\IDE\VC2008\DEBUG\SYSTEMUTILITIES.OBJ
K:\ECF3_O\NATIVE\IDE\VC2008\DEBUG\SYSTEMUTILITIES_WIN.OBJ
K:\ecf3_o\native\ide\vc2008\Debug\vc100.idb
K:\ecf3_o\native\ide\vc2008\Debug\vc100.pdb
K:\ECF3_O\NATIVE\IDE\VC2008\DEBUG\WINDOW_TEST.OBJ
K:\ECF3_O\NATIVE\IDE\VC2008\DEBUG\WINDOW_TEST_WIN.OBJ
